<?xml version="1.0" encoding="UTF-8"?>
<!-- Generated by org.testng.reporters.JUnitReportReporter -->
<testsuite skipped="0" hostname="DESKTOP-T00S384" name="com.TestNGHacks.Annotations" tests="2" failures="0" timestamp="2022-05-19T20:51:03 EDT" time="0.010" errors="0">
  <testcase name="getD" time="0.001" classname="com.TestNGHacks.Annotations"/>
  <system-out/>
  <testcase name="getC" time="0.009" classname="com.TestNGHacks.Annotations"/>
  <system-out/>
</testsuite> <!-- com.TestNGHacks.Annotations -->
