<?xml version="1.0" encoding="UTF-8"?>
<!-- Generated by org.testng.reporters.JUnitReportReporter -->
<testsuite skipped="0" hostname="DESKTOP-T00S384" name="com.TestNGHacks.TestDataProvider" tests="3" failures="0" timestamp="2022-05-26T20:52:44 EDT" time="19.192" errors="0">
  <testcase name="getCreden" time="6.098" classname="com.TestNGHacks.TestDataProvider"/>
  <system-out/>
  <testcase name="getCreden" time="6.253" classname="com.TestNGHacks.TestDataProvider"/>
  <system-out/>
  <testcase name="getCreden" time="6.841" classname="com.TestNGHacks.TestDataProvider"/>
  <system-out/>
</testsuite> <!-- com.TestNGHacks.TestDataProvider -->
