<?xml version="1.0" encoding="UTF-8"?>
<!-- Generated by org.testng.reporters.JUnitReportReporter -->
<testsuite skipped="0" hostname="DESKTOP-T00S384" name="com.Cucumber.TestRunner" tests="1" failures="0" timestamp="2022-06-02T19:44:46 EDT" time="20.484" errors="0">
  <testcase name="runScenario" time="20.484" classname="com.Cucumber.TestRunner"/>
  <system-out/>
</testsuite> <!-- com.Cucumber.TestRunner -->
