<?xml version="1.0" encoding="UTF-8"?>
<!-- Generated by org.testng.reporters.JUnitReportReporter -->
<testsuite skipped="0" hostname="DESKTOP-T00S384" name="com.TestNGHacks.ParameterInTestNG" tests="11" failures="0" timestamp="2022-05-19T21:35:35 EDT" time="0.017" errors="0">
  <testcase name="getAdd" time="0.001" classname="com.TestNGHacks.ParameterInTestNG"/>
  <system-out/>
  <testcase name="getAdd" time="0.001" classname="com.TestNGHacks.ParameterInTestNG"/>
  <system-out/>
  <testcase name="getAdd" time="0.000" classname="com.TestNGHacks.ParameterInTestNG"/>
  <system-out/>
  <testcase name="getAdd" time="0.001" classname="com.TestNGHacks.ParameterInTestNG"/>
  <system-out/>
  <testcase name="getAdd" time="0.001" classname="com.TestNGHacks.ParameterInTestNG"/>
  <system-out/>
  <testcase name="getAdd" time="0.000" classname="com.TestNGHacks.ParameterInTestNG"/>
  <system-out/>
  <testcase name="getAdd" time="0.010" classname="com.TestNGHacks.ParameterInTestNG"/>
  <system-out/>
  <testcase name="getAdd" time="0.000" classname="com.TestNGHacks.ParameterInTestNG"/>
  <system-out/>
  <testcase name="getAdd" time="0.001" classname="com.TestNGHacks.ParameterInTestNG"/>
  <system-out/>
  <testcase name="getName" time="0.001" classname="com.TestNGHacks.ParameterInTestNG"/>
  <system-out/>
  <testcase name="getAdd" time="0.001" classname="com.TestNGHacks.ParameterInTestNG"/>
  <system-out/>
</testsuite> <!-- com.TestNGHacks.ParameterInTestNG -->
