<?xml version="1.0" encoding="UTF-8"?>
<!-- Generated by org.testng.reporters.JUnitReportReporter -->
<testsuite skipped="0" hostname="DESKTOP-T00S384" name="com.TestExecution.TestNGExecution" tests="2" failures="0" timestamp="2022-05-19T21:14:31 EDT" time="8.928" errors="0">
  <testcase name="b" time="1.394" classname="com.TestExecution.TestNGExecution"/>
  <system-out/>
  <testcase name="a" time="7.534" classname="com.TestExecution.TestNGExecution"/>
  <system-out/>
</testsuite> <!-- com.TestExecution.TestNGExecution -->
